Using pre-set license
Built from '2020.3/staging' branch; Version is '2020.3.11f1 (99c7afb366b3) revision 10078127'; Using compiler version '192528614'; Build Type 'Release'
OS: 'Windows 10 Home; OS build 19041.1083; Version 2004; 64bit' Language: 'en' Physical Memory: 16313 MB
BatchMode: 1, IsHumanControllingUs: 0, StartBugReporterOnCrash: 0, Is64bit: 1, IsPro: 0

 COMMAND LINE ARGUMENTS:
C:\Program Files\Unity\Hub\Editor\2020.3.11f1\Editor\Unity.exe
-adb2
-batchMode
-noUpm
-name
AssetImportWorker0
-projectPath
C:/Users/dcrav/source/Unity/Projects/TITJAM2021
-logFile
Logs/AssetImportWorker0.log
-srvPort
51414
Successfully changed project path to: C:/Users/dcrav/source/Unity/Projects/TITJAM2021
C:/Users/dcrav/source/Unity/Projects/TITJAM2021
Using Asset Import Pipeline V2.
Refreshing native plugins compatible for Editor in 49.51 ms, found 3 plugins.
Preloading 0 native plugins for Editor in 0.00 ms.
Initialize engine version: 2020.3.11f1 (99c7afb366b3)
[Subsystems] Discovering subsystems at path C:/Program Files/Unity/Hub/Editor/2020.3.11f1/Editor/Data/Resources/UnitySubsystems
[Subsystems] Discovering subsystems at path C:/Users/dcrav/source/Unity/Projects/TITJAM2021/Assets
GfxDevice: creating device client; threaded=0
Direct3D:
    Version:  Direct3D 11.0 [level 11.1]
    Renderer: NVIDIA GeForce GTX 1070 (ID=0x1b81)
    Vendor:   
    VRAM:     8088 MB
    Driver:   30.0.14.7111
Initialize mono
Mono path[0] = 'C:/Program Files/Unity/Hub/Editor/2020.3.11f1/Editor/Data/Managed'
Mono path[1] = 'C:/Program Files/Unity/Hub/Editor/2020.3.11f1/Editor/Data/MonoBleedingEdge/lib/mono/unityjit'
Mono config path = 'C:/Program Files/Unity/Hub/Editor/2020.3.11f1/Editor/Data/MonoBleedingEdge/etc'
Using monoOptions --debugger-agent=transport=dt_socket,embedding=1,server=y,suspend=n,address=127.0.0.1:56224
Begin MonoManager ReloadAssembly
Registering precompiled unity dll's ...
Register platform support module: C:/Program Files/Unity/Hub/Editor/2020.3.11f1/Editor/Data/PlaybackEngines/WebGLSupport/UnityEditor.WebGL.Extensions.dll
Register platform support module: C:/Program Files/Unity/Hub/Editor/2020.3.11f1/Editor/Data/PlaybackEngines/WindowsStandaloneSupport/UnityEditor.WindowsStandalone.Extensions.dll
Registered in 0.002813 seconds.
Native extension for WindowsStandalone target not found
Native extension for WebGL target not found
Refreshing native plugins compatible for Editor in 55.07 ms, found 3 plugins.
Preloading 0 native plugins for Editor in 0.00 ms.
Mono: successfully reloaded assembly
- Completed reload, in  1.566 seconds
Platform modules already initialized, skipping
Registering precompiled user dll's ...
Registered in 0.005032 seconds.
Begin MonoManager ReloadAssembly
Native extension for WindowsStandalone target not found
Native extension for WebGL target not found
Refreshing native plugins compatible for Editor in 47.01 ms, found 3 plugins.
Preloading 0 native plugins for Editor in 0.00 ms.
Mono: successfully reloaded assembly
- Completed reload, in  1.312 seconds
Platform modules already initialized, skipping
========================================================================
Worker process is ready to serve import requests
Launched and connected shader compiler UnityShaderCompiler.exe after 0.06 seconds
Refreshing native plugins compatible for Editor in 0.53 ms, found 3 plugins.
Preloading 0 native plugins for Editor in 0.00 ms.
Unloading 2137 Unused Serialized files (Serialized files now loaded: 0)
System memory in use before: 96.4 MB.
System memory in use after: 96.4 MB.

Unloading 33 unused Assets to reduce memory usage. Loaded Objects now: 2573.
Total: 2.561300 ms (FindLiveObjects: 0.355700 ms CreateObjectMapping: 0.118600 ms MarkObjects: 1.914100 ms  DeleteObjects: 0.172000 ms)

========================================================================
Received Import Request.
  path: Assets/Scripts/Levels.cs
  artifactKey: Guid(59bb385b86bd6f94da9a5d188dbabada) Importer(815301076,1909f56bfc062723c751e8b465ee728b)
Start importing Assets/Scripts/Levels.cs using Guid(59bb385b86bd6f94da9a5d188dbabada) Importer(815301076,1909f56bfc062723c751e8b465ee728b)  -> (artifact id: 'afd8b22619bc3bc5e6c4fb1a30065a5f') in 0.043932 seconds
  Import took 0.047351 seconds .

========================================================================
Received Import Request.
  Time since last request: 2538.742892 seconds.
  path: Assets/Scripts/Levels.cs
  artifactKey: Guid(59bb385b86bd6f94da9a5d188dbabada) Importer(815301076,1909f56bfc062723c751e8b465ee728b)
Start importing Assets/Scripts/Levels.cs using Guid(59bb385b86bd6f94da9a5d188dbabada) Importer(815301076,1909f56bfc062723c751e8b465ee728b)  -> (artifact id: 'd62869fd8ca003ad958d0ea8149cdd48') in 0.004242 seconds
  Import took 0.020196 seconds .

========================================================================
Received Prepare
Registering precompiled user dll's ...
Registered in 0.006112 seconds.
Begin MonoManager ReloadAssembly
Native extension for WindowsStandalone target not found
Native extension for WebGL target not found
Refreshing native plugins compatible for Editor in 0.47 ms, found 3 plugins.
Preloading 0 native plugins for Editor in 0.00 ms.
Mono: successfully reloaded assembly
- Completed reload, in  1.223 seconds
Platform modules already initialized, skipping
Refreshing native plugins compatible for Editor in 0.82 ms, found 3 plugins.
Preloading 0 native plugins for Editor in 0.00 ms.
Unloading 2119 Unused Serialized files (Serialized files now loaded: 0)
System memory in use before: 95.1 MB.
System memory in use after: 95.1 MB.

Unloading 21 unused Assets to reduce memory usage. Loaded Objects now: 2577.
Total: 2.564000 ms (FindLiveObjects: 0.221700 ms CreateObjectMapping: 0.081600 ms MarkObjects: 2.106700 ms  DeleteObjects: 0.153100 ms)

========================================================================
Received Prepare
Registering precompiled user dll's ...
Registered in 0.006345 seconds.
Begin MonoManager ReloadAssembly
Native extension for WindowsStandalone target not found
Native extension for WebGL target not found
Refreshing native plugins compatible for Editor in 1.28 ms, found 3 plugins.
Preloading 0 native plugins for Editor in 0.00 ms.
Mono: successfully reloaded assembly
- Completed reload, in  1.146 seconds
Platform modules already initialized, skipping
Refreshing native plugins compatible for Editor in 0.71 ms, found 3 plugins.
Preloading 0 native plugins for Editor in 0.00 ms.
Unloading 2119 Unused Serialized files (Serialized files now loaded: 0)
System memory in use before: 95.1 MB.
System memory in use after: 95.1 MB.

Unloading 21 unused Assets to reduce memory usage. Loaded Objects now: 2581.
Total: 3.471700 ms (FindLiveObjects: 0.198700 ms CreateObjectMapping: 0.087000 ms MarkObjects: 2.959900 ms  DeleteObjects: 0.224700 ms)

========================================================================
Received Prepare
Registering precompiled user dll's ...
Registered in 0.005752 seconds.
Begin MonoManager ReloadAssembly
Native extension for WindowsStandalone target not found
Native extension for WebGL target not found
Refreshing native plugins compatible for Editor in 0.62 ms, found 3 plugins.
Preloading 0 native plugins for Editor in 0.00 ms.
Mono: successfully reloaded assembly
- Completed reload, in  1.271 seconds
Platform modules already initialized, skipping
Refreshing native plugins compatible for Editor in 0.50 ms, found 3 plugins.
Preloading 0 native plugins for Editor in 0.00 ms.
Unloading 2119 Unused Serialized files (Serialized files now loaded: 0)
System memory in use before: 95.2 MB.
System memory in use after: 95.1 MB.

Unloading 21 unused Assets to reduce memory usage. Loaded Objects now: 2585.
Total: 2.748400 ms (FindLiveObjects: 0.215400 ms CreateObjectMapping: 0.106000 ms MarkObjects: 2.183400 ms  DeleteObjects: 0.242800 ms)

========================================================================
Received Prepare
Registering precompiled user dll's ...
Registered in 0.005238 seconds.
Begin MonoManager ReloadAssembly
Native extension for WindowsStandalone target not found
Native extension for WebGL target not found
Refreshing native plugins compatible for Editor in 0.56 ms, found 3 plugins.
Preloading 0 native plugins for Editor in 0.00 ms.
Mono: successfully reloaded assembly
- Completed reload, in  1.141 seconds
Platform modules already initialized, skipping
Refreshing native plugins compatible for Editor in 0.73 ms, found 3 plugins.
Preloading 0 native plugins for Editor in 0.00 ms.
Unloading 2120 Unused Serialized files (Serialized files now loaded: 0)
System memory in use before: 95.2 MB.
System memory in use after: 95.2 MB.

Unloading 21 unused Assets to reduce memory usage. Loaded Objects now: 2590.
Total: 2.689800 ms (FindLiveObjects: 0.251100 ms CreateObjectMapping: 0.071000 ms MarkObjects: 2.224200 ms  DeleteObjects: 0.142500 ms)

========================================================================
Received Import Request.
  Time since last request: 1060.425540 seconds.
  path: Assets/Scripts/Levels.cs
  artifactKey: Guid(59bb385b86bd6f94da9a5d188dbabada) Importer(815301076,1909f56bfc062723c751e8b465ee728b)
Start importing Assets/Scripts/Levels.cs using Guid(59bb385b86bd6f94da9a5d188dbabada) Importer(815301076,1909f56bfc062723c751e8b465ee728b)  -> (artifact id: '0083650feb3a781988e7dab6c563b4af') in 0.006244 seconds
  Import took 0.011432 seconds .

========================================================================
Received Import Request.
  Time since last request: 0.029365 seconds.
  path: Assets/Scripts/Levels.cs
  artifactKey: Guid(59bb385b86bd6f94da9a5d188dbabada) Importer(815301076,1909f56bfc062723c751e8b465ee728b)
Start importing Assets/Scripts/Levels.cs using Guid(59bb385b86bd6f94da9a5d188dbabada) Importer(815301076,1909f56bfc062723c751e8b465ee728b)  -> (artifact id: '0083650feb3a781988e7dab6c563b4af') in 0.002862 seconds
  Import took 0.007163 seconds .

========================================================================
Received Import Request.
  Time since last request: 26.096581 seconds.
  path: Assets/LevelControl.cs
  artifactKey: Guid(5735dd3e8a59c0e439c560eee1fe1eef) Importer(815301076,1909f56bfc062723c751e8b465ee728b)
Start importing Assets/LevelControl.cs using Guid(5735dd3e8a59c0e439c560eee1fe1eef) Importer(815301076,1909f56bfc062723c751e8b465ee728b)  -> (artifact id: 'cd3b279d1aa5b60929f8ee09652a8e16') in 0.009272 seconds
  Import took 0.013292 seconds .

========================================================================
Received Import Request.
  Time since last request: 14.948093 seconds.
  path: Assets/LevelControl.cs
  artifactKey: Guid(5735dd3e8a59c0e439c560eee1fe1eef) Importer(815301076,1909f56bfc062723c751e8b465ee728b)
Start importing Assets/LevelControl.cs using Guid(5735dd3e8a59c0e439c560eee1fe1eef) Importer(815301076,1909f56bfc062723c751e8b465ee728b)  -> (artifact id: 'ffb4e3e772c86d40168b964a7c79aa3a') in 0.003904 seconds
  Import took 0.009044 seconds .

========================================================================
Received Prepare
Registering precompiled user dll's ...
Registered in 0.006026 seconds.
Begin MonoManager ReloadAssembly
Native extension for WindowsStandalone target not found
Native extension for WebGL target not found
Refreshing native plugins compatible for Editor in 0.50 ms, found 3 plugins.
Preloading 0 native plugins for Editor in 0.00 ms.
Mono: successfully reloaded assembly
- Completed reload, in  1.193 seconds
Platform modules already initialized, skipping
Refreshing native plugins compatible for Editor in 0.49 ms, found 3 plugins.
Preloading 0 native plugins for Editor in 0.00 ms.
Unloading 2119 Unused Serialized files (Serialized files now loaded: 0)
System memory in use before: 95.2 MB.
System memory in use after: 95.2 MB.

Unloading 22 unused Assets to reduce memory usage. Loaded Objects now: 2593.
Total: 3.003800 ms (FindLiveObjects: 0.372400 ms CreateObjectMapping: 0.109000 ms MarkObjects: 2.348300 ms  DeleteObjects: 0.168900 ms)

========================================================================
Received Prepare
Registering precompiled user dll's ...
Registered in 0.005676 seconds.
Begin MonoManager ReloadAssembly
Native extension for WindowsStandalone target not found
Native extension for WebGL target not found
Refreshing native plugins compatible for Editor in 0.65 ms, found 3 plugins.
Preloading 0 native plugins for Editor in 0.00 ms.
Mono: successfully reloaded assembly
- Completed reload, in  1.137 seconds
Platform modules already initialized, skipping
Refreshing native plugins compatible for Editor in 0.49 ms, found 3 plugins.
Preloading 0 native plugins for Editor in 0.00 ms.
Unloading 2119 Unused Serialized files (Serialized files now loaded: 0)
System memory in use before: 95.2 MB.
System memory in use after: 95.2 MB.

Unloading 21 unused Assets to reduce memory usage. Loaded Objects now: 2597.
Total: 2.822400 ms (FindLiveObjects: 0.235700 ms CreateObjectMapping: 0.125600 ms MarkObjects: 2.324900 ms  DeleteObjects: 0.134700 ms)

========================================================================
Received Prepare
Registering precompiled user dll's ...
Registered in 0.005738 seconds.
Begin MonoManager ReloadAssembly
Native extension for WindowsStandalone target not found
Native extension for WebGL target not found
Refreshing native plugins compatible for Editor in 0.51 ms, found 3 plugins.
Preloading 0 native plugins for Editor in 0.00 ms.
Mono: successfully reloaded assembly
- Completed reload, in  1.166 seconds
Platform modules already initialized, skipping
Refreshing native plugins compatible for Editor in 0.75 ms, found 3 plugins.
Preloading 0 native plugins for Editor in 0.00 ms.
Unloading 2119 Unused Serialized files (Serialized files now loaded: 0)
System memory in use before: 95.2 MB.
System memory in use after: 95.2 MB.

Unloading 21 unused Assets to reduce memory usage. Loaded Objects now: 2601.
Total: 3.132400 ms (FindLiveObjects: 0.213500 ms CreateObjectMapping: 0.063200 ms MarkObjects: 2.702300 ms  DeleteObjects: 0.152400 ms)

========================================================================
Received Prepare
Trying to reload asset but can't find object on disk

Trying to reload asset but can't find object on disk

Trying to reload asset but can't find object on disk

Trying to reload asset but can't find object on disk

Trying to reload asset but can't find object on disk

Trying to reload asset but can't find object on disk

Trying to reload asset but can't find object on disk

Trying to reload asset but can't find object on disk

Trying to reload asset but can't find object on disk

Trying to reload asset but can't find object on disk

Trying to reload asset but can't find object on disk

Trying to reload asset but can't find object on disk

Trying to reload asset but can't find object on disk

Trying to reload asset but can't find object on disk

Trying to reload asset but can't find object on disk

Trying to reload asset but can't find object on disk

Trying to reload asset but can't find object on disk

Trying to reload asset but can't find object on disk

Registering precompiled user dll's ...
Registered in 0.006699 seconds.
Begin MonoManager ReloadAssembly
Native extension for WindowsStandalone target not found
Native extension for WebGL target not found
Refreshing native plugins compatible for Editor in 41.25 ms, found 2 plugins.
Preloading 0 native plugins for Editor in 0.00 ms.
Mono: successfully reloaded assembly
- Completed reload, in  1.526 seconds
Platform modules already initialized, skipping
Refreshing native plugins compatible for Editor in 0.74 ms, found 2 plugins.
Preloading 0 native plugins for Editor in 0.00 ms.
Unloading 1381 Unused Serialized files (Serialized files now loaded: 0)
System memory in use before: 79.8 MB.
System memory in use after: 79.9 MB.

Unloading 284 unused Assets to reduce memory usage. Loaded Objects now: 2331.
Total: 3.618900 ms (FindLiveObjects: 0.470300 ms CreateObjectMapping: 0.154500 ms MarkObjects: 2.776800 ms  DeleteObjects: 0.215500 ms)

AssetImportWorkerClient::OnTransportError - code=2 error=End of file
